Release 14.7 - xst P.20131013 (lin64)
Copyright (c) 1995-2013 Xilinx, Inc.  All rights reserved.
--> 
Parameter TMPDIR set to xst/projnav.tmp


Total REAL time to Xst completion: 0.00 secs
Total CPU time to Xst completion: 0.11 secs
 
--> 
Parameter xsthdpdir set to xst


Total REAL time to Xst completion: 0.00 secs
Total CPU time to Xst completion: 0.11 secs
 
--> 
Reading design: dac8.prj

TABLE OF CONTENTS
  1) Synthesis Options Summary
  2) HDL Compilation
  3) Design Hierarchy Analysis
  4) HDL Analysis
  5) HDL Synthesis
     5.1) HDL Synthesis Report
  6) Advanced HDL Synthesis
     6.1) Advanced HDL Synthesis Report
  7) Low Level Synthesis
  8) Partition Report
  9) Final Report
	9.1) Device utilization summary
	9.2) Partition Resource Summary
	9.3) TIMING REPORT


=========================================================================
*                      Synthesis Options Summary                        *
=========================================================================
---- Source Parameters
Input File Name                    : "dac8.prj"
Input Format                       : mixed
Ignore Synthesis Constraint File   : NO

---- Target Parameters
Output File Name                   : "dac8"
Output Format                      : NGC
Target Device                      : xc3s250e-5-vq100

---- Source Options
Top Module Name                    : dac8
Automatic FSM Extraction           : YES
FSM Encoding Algorithm             : Auto
Safe Implementation                : No
FSM Style                          : LUT
RAM Extraction                     : Yes
RAM Style                          : Auto
ROM Extraction                     : Yes
Mux Style                          : Auto
Decoder Extraction                 : YES
Priority Encoder Extraction        : Yes
Shift Register Extraction          : YES
Logical Shifter Extraction         : YES
XOR Collapsing                     : YES
ROM Style                          : Auto
Mux Extraction                     : Yes
Resource Sharing                   : YES
Asynchronous To Synchronous        : NO
Multiplier Style                   : Auto
Automatic Register Balancing       : No

---- Target Options
Add IO Buffers                     : YES
Global Maximum Fanout              : 100000
Add Generic Clock Buffer(BUFG)     : 24
Register Duplication               : YES
Slice Packing                      : YES
Optimize Instantiated Primitives   : NO
Use Clock Enable                   : Yes
Use Synchronous Set                : Yes
Use Synchronous Reset              : Yes
Pack IO Registers into IOBs        : Auto
Equivalent register Removal        : YES

---- General Options
Optimization Goal                  : Speed
Optimization Effort                : 1
Keep Hierarchy                     : No
Netlist Hierarchy                  : As_Optimized
RTL Output                         : Yes
Global Optimization                : AllClockNets
Read Cores                         : YES
Write Timing Constraints           : NO
Cross Clock Analysis               : NO
Hierarchy Separator                : /
Bus Delimiter                      : <>
Case Specifier                     : Maintain
Slice Utilization Ratio            : 100
BRAM Utilization Ratio             : 100
Verilog 2001                       : YES
Auto BRAM Packing                  : NO
Slice Utilization Ratio Delta      : 5

=========================================================================


=========================================================================
*                          HDL Compilation                              *
=========================================================================
Compiling vhdl file "/home/jo/workspaces/fpga-spartan3e-tuts/dac8/dac8.vhd" in Library work.
Entity <dac8> compiled.
Entity <dac8> (Architecture <behavioral>) compiled.

=========================================================================
*                     Design Hierarchy Analysis                         *
=========================================================================
Analyzing hierarchy for entity <dac8> in library <work> (architecture <behavioral>).


=========================================================================
*                            HDL Analysis                               *
=========================================================================
Analyzing Entity <dac8> in library <work> (Architecture <behavioral>).
Entity <dac8> analyzed. Unit <dac8> generated.


=========================================================================
*                           HDL Synthesis                               *
=========================================================================

Performing bidirectional port resolution...

Synthesizing Unit <dac8>.
    Related source file is "/home/jo/workspaces/fpga-spartan3e-tuts/dac8/dac8.vhd".
    Found 9-bit register for signal <sum>.
    Found 9-bit adder for signal <sum$add0000> created at line 53.
    Summary:
	inferred   9 D-type flip-flop(s).
	inferred   1 Adder/Subtractor(s).
Unit <dac8> synthesized.


=========================================================================
HDL Synthesis Report

Macro Statistics
# Adders/Subtractors                                   : 1
 9-bit adder                                           : 1
# Registers                                            : 1
 9-bit register                                        : 1

=========================================================================

=========================================================================
*                       Advanced HDL Synthesis                          *
=========================================================================


=========================================================================
Advanced HDL Synthesis Report

Macro Statistics
# Adders/Subtractors                                   : 1
 9-bit adder                                           : 1
# Registers                                            : 9
 Flip-Flops                                            : 9

=========================================================================

=========================================================================
*                         Low Level Synthesis                           *
=========================================================================

Optimizing unit <dac8> ...

Mapping all equations...
Building and optimizing final netlist ...
Found area constraint ratio of 100 (+ 5) on block dac8, actual ratio is 0.

Final Macro Processing ...

=========================================================================
Final Register Report

Macro Statistics
# Registers                                            : 9
 Flip-Flops                                            : 9

=========================================================================

=========================================================================
*                           Partition Report                            *
=========================================================================

Partition Implementation Status
-------------------------------

  No Partitions were found in this design.

-------------------------------

=========================================================================
*                            Final Report                               *
=========================================================================
Final Results
RTL Top Level Output File Name     : dac8.ngr
Top Level Output File Name         : dac8
Output Format                      : NGC
Optimization Goal                  : Speed
Keep Hierarchy                     : No

Design Statistics
# IOs                              : 11

Cell Usage :
# BELS                             : 25
#      GND                         : 1
#      LUT2                        : 8
#      MUXCY                       : 8
#      XORCY                       : 8
# FlipFlops/Latches                : 9
#      FD                          : 9
# Clock Buffers                    : 1
#      BUFGP                       : 1
# IO Buffers                       : 10
#      IBUF                        : 8
#      OBUF                        : 2
=========================================================================

Device utilization summary:
---------------------------

Selected Device : 3s250evq100-5 

 Number of Slices:                        5  out of   2448     0%  
 Number of Slice Flip Flops:              9  out of   4896     0%  
 Number of 4 input LUTs:                  8  out of   4896     0%  
 Number of IOs:                          11
 Number of bonded IOBs:                  11  out of     66    16%  
 Number of GCLKs:                         1  out of     24     4%  

---------------------------
Partition Resource Summary:
---------------------------

  No Partitions were found in this design.

---------------------------


=========================================================================
TIMING REPORT

NOTE: THESE TIMING NUMBERS ARE ONLY A SYNTHESIS ESTIMATE.
      FOR ACCURATE TIMING INFORMATION PLEASE REFER TO THE TRACE REPORT
      GENERATED AFTER PLACE-and-ROUTE.

Clock Information:
------------------
-----------------------------------+------------------------+-------+
Clock Signal                       | Clock buffer(FF name)  | Load  |
-----------------------------------+------------------------+-------+
clk                                | BUFGP                  | 9     |
-----------------------------------+------------------------+-------+

Asynchronous Control Signals Information:
----------------------------------------
No asynchronous control signals found in this design

Timing Summary:
---------------
Speed Grade: -5

   Minimum period: 3.232ns (Maximum Frequency: 309.406MHz)
   Minimum input arrival time before clock: 3.907ns
   Maximum output required time after clock: 4.063ns
   Maximum combinational path delay: No path found

Timing Detail:
--------------
All values displayed in nanoseconds (ns)

=========================================================================
Timing constraint: Default period analysis for Clock 'clk'
  Clock period: 3.232ns (frequency: 309.406MHz)
  Total number of paths / destination ports: 80 / 9
-------------------------------------------------------------------------
Delay:               3.232ns (Levels of Logic = 9)
  Source:            sum_0 (FF)
  Destination:       sum_7 (FF)
  Source Clock:      clk rising
  Destination Clock: clk rising

  Data Path: sum_0 to sum_7
                                Gate     Net
    Cell:in->out      fanout   Delay   Delay  Logical Name (Net Name)
    ----------------------------------------  ------------
     FD:C->Q               1   0.514   0.426  sum_0 (sum_0)
     LUT2:I1->O            1   0.612   0.000  Madd_sum_add0000_lut<0> (Madd_sum_add0000_lut<0>)
     MUXCY:S->O            1   0.404   0.000  Madd_sum_add0000_cy<0> (Madd_sum_add0000_cy<0>)
     MUXCY:CI->O           1   0.051   0.000  Madd_sum_add0000_cy<1> (Madd_sum_add0000_cy<1>)
     MUXCY:CI->O           1   0.051   0.000  Madd_sum_add0000_cy<2> (Madd_sum_add0000_cy<2>)
     MUXCY:CI->O           1   0.051   0.000  Madd_sum_add0000_cy<3> (Madd_sum_add0000_cy<3>)
     MUXCY:CI->O           1   0.051   0.000  Madd_sum_add0000_cy<4> (Madd_sum_add0000_cy<4>)
     MUXCY:CI->O           1   0.051   0.000  Madd_sum_add0000_cy<5> (Madd_sum_add0000_cy<5>)
     MUXCY:CI->O           1   0.051   0.000  Madd_sum_add0000_cy<6> (Madd_sum_add0000_cy<6>)
     XORCY:CI->O           1   0.699   0.000  Madd_sum_add0000_xor<7> (sum_add0000<7>)
     FD:D                      0.268          sum_7
    ----------------------------------------
    Total                      3.232ns (2.806ns logic, 0.426ns route)
                                       (86.8% logic, 13.2% route)

=========================================================================
Timing constraint: Default OFFSET IN BEFORE for Clock 'clk'
  Total number of paths / destination ports: 44 / 9
-------------------------------------------------------------------------
Offset:              3.907ns (Levels of Logic = 10)
  Source:            desired_level<0> (PAD)
  Destination:       sum_7 (FF)
  Destination Clock: clk rising

  Data Path: desired_level<0> to sum_7
                                Gate     Net
    Cell:in->out      fanout   Delay   Delay  Logical Name (Net Name)
    ----------------------------------------  ------------
     IBUF:I->O             1   1.106   0.509  desired_level_0_IBUF (desired_level_0_IBUF)
     LUT2:I0->O            1   0.612   0.000  Madd_sum_add0000_lut<0> (Madd_sum_add0000_lut<0>)
     MUXCY:S->O            1   0.404   0.000  Madd_sum_add0000_cy<0> (Madd_sum_add0000_cy<0>)
     MUXCY:CI->O           1   0.051   0.000  Madd_sum_add0000_cy<1> (Madd_sum_add0000_cy<1>)
     MUXCY:CI->O           1   0.051   0.000  Madd_sum_add0000_cy<2> (Madd_sum_add0000_cy<2>)
     MUXCY:CI->O           1   0.051   0.000  Madd_sum_add0000_cy<3> (Madd_sum_add0000_cy<3>)
     MUXCY:CI->O           1   0.051   0.000  Madd_sum_add0000_cy<4> (Madd_sum_add0000_cy<4>)
     MUXCY:CI->O           1   0.051   0.000  Madd_sum_add0000_cy<5> (Madd_sum_add0000_cy<5>)
     MUXCY:CI->O           1   0.051   0.000  Madd_sum_add0000_cy<6> (Madd_sum_add0000_cy<6>)
     XORCY:CI->O           1   0.699   0.000  Madd_sum_add0000_xor<7> (sum_add0000<7>)
     FD:D                      0.268          sum_7
    ----------------------------------------
    Total                      3.907ns (3.398ns logic, 0.509ns route)
                                       (87.0% logic, 13.0% route)

=========================================================================
Timing constraint: Default OFFSET OUT AFTER for Clock 'clk'
  Total number of paths / destination ports: 2 / 2
-------------------------------------------------------------------------
Offset:              4.063ns (Levels of Logic = 1)
  Source:            sum_8 (FF)
  Destination:       stream_out (PAD)
  Source Clock:      clk rising

  Data Path: sum_8 to stream_out
                                Gate     Net
    Cell:in->out      fanout   Delay   Delay  Logical Name (Net Name)
    ----------------------------------------  ------------
     FD:C->Q               2   0.514   0.380  sum_8 (sum_8)
     OBUF:I->O                 3.169          stream_out_OBUF (stream_out)
    ----------------------------------------
    Total                      4.063ns (3.683ns logic, 0.380ns route)
                                       (90.6% logic, 9.4% route)

=========================================================================


Total REAL time to Xst completion: 8.00 secs
Total CPU time to Xst completion: 8.34 secs
 
--> 


Total memory usage is 613736 kilobytes

Number of errors   :    0 (   0 filtered)
Number of warnings :    0 (   0 filtered)
Number of infos    :    0 (   0 filtered)

